Using pre-set license

 COMMAND LINE ARGUMENTS:
/Applications/Unity/Hub/Editor/2020.2.1f1/Unity.app/Contents/MacOS/Unity
-adb2
-batchMode
-noUpm
-name
AssetImportWorker0
-projectPath
/Users/fdelaantonio/Desktop/QuestBodyTracking/New Unity Project
-logFile
Logs/AssetImportWorker0.log
-srvPort
54266
Successfully changed project path to: /Users/fdelaantonio/Desktop/QuestBodyTracking/New Unity Project
/Users/fdelaantonio/Desktop/QuestBodyTracking/New Unity Project
Using Asset Import Pipeline V2.
Refreshing native plugins compatible for Editor in 66.96 ms, found 5 plugins.
Preloading 1 native plugins for Editor in 13.16 ms.
Initialize engine version: 2020.2.1f1 (270dd8c3da1c)
[Subsystems] Discovering subsystems at path /Applications/Unity/Hub/Editor/2020.2.1f1/Unity.app/Contents/Resources/UnitySubsystems
[Subsystems] Discovering subsystems at path /Users/fdelaantonio/Desktop/QuestBodyTracking/New Unity Project/Assets
GfxDevice: creating device client; threaded=0
2021-04-13 01:20:20.540 Unity[59648:7918361] Color LCD preferred device: AMD Radeon Pro 560 (high power)
2021-04-13 01:20:20.540 Unity[59648:7918361] Metal devices available: 2
2021-04-13 01:20:20.540 Unity[59648:7918361] 0: AMD Radeon Pro 560 (high power)
2021-04-13 01:20:20.540 Unity[59648:7918361] 1: Intel(R) HD Graphics 630 (low power)
2021-04-13 01:20:20.542 Unity[59648:7918361] Using device AMD Radeon Pro 560 (high power)
Initializing Metal device caps: AMD Radeon Pro 560
Shader 'Oculus/OVRMRCameraFrameLit': fallback shader 'Alpha-Diffuse' not found
Initialize mono
Mono path[0] = '/Applications/Unity/Hub/Editor/2020.2.1f1/Unity.app/Contents/Managed'
Mono path[1] = '/Applications/Unity/Hub/Editor/2020.2.1f1/Unity.app/Contents/MonoBleedingEdge/lib/mono/unityjit'
Mono config path = '/Applications/Unity/Hub/Editor/2020.2.1f1/Unity.app/Contents/MonoBleedingEdge/etc'
Using monoOptions --debugger-agent=transport=dt_socket,embedding=1,server=y,suspend=n,address=127.0.0.1:56648
Begin MonoManager ReloadAssembly
Registering precompiled unity dll's ...
Register platform support module: /Applications/Unity/Hub/Editor/2020.2.1f1/Unity.app/Contents/PlaybackEngines/MacStandaloneSupport/UnityEditor.OSXStandalone.Extensions.dll
Registered in 0.000773 seconds.
Native extension for OSXStandalone target not found
Refreshing native plugins compatible for Editor in 51.13 ms, found 5 plugins.
Preloading 1 native plugins for Editor in 0.52 ms.
Invoked RoslynAnalysisRunner static constructor.
RoslynAnalysisRunner will not be running.
RoslynAnalysisRunner has terminated.
Mono: successfully reloaded assembly
- Completed reload, in  4.192 seconds
Platform modules already initialized, skipping
Registering precompiled user dll's ...
Registered in 0.002587 seconds.
Begin MonoManager ReloadAssembly
Native extension for OSXStandalone target not found
Refreshing native plugins compatible for Editor in 0.82 ms, found 5 plugins.
Preloading 1 native plugins for Editor in 0.76 ms.
Invoked RoslynAnalysisRunner static constructor.
RoslynAnalysisRunner will not be running.
RoslynAnalysisRunner has terminated.
Mono: successfully reloaded assembly
- Completed reload, in  1.289 seconds
Platform modules already initialized, skipping
========================================================================
Worker process is ready to serve import requests
Shader 'Oculus/OVRMRCameraFrameLit': fallback shader 'Alpha-Diffuse' not found
Launching external process: /Applications/Unity/Hub/Editor/2020.2.1f1/Unity.app/Contents/Tools/UnityShaderCompiler
Launched and connected shader compiler UnityShaderCompiler after 0.03 seconds
Refreshing native plugins compatible for Editor in 0.64 ms, found 5 plugins.
Preloading 1 native plugins for Editor in 0.54 ms.
Unloading 1725 Unused Serialized files (Serialized files now loaded: 0)
System memory in use before: 148.2 MB.
System memory in use after: 147.9 MB.

Unloading 36 unused Assets to reduce memory usage. Loaded Objects now: 2145.
Total: 3.092593 ms (FindLiveObjects: 0.293514 ms CreateObjectMapping: 0.112617 ms MarkObjects: 2.271455 ms  DeleteObjects: 0.413238 ms)

========================================================================
Received Import Request.
  path: Assets/Oculus/VR
  artifactKey: Guid(722b5ce8d4de36342bdfa14076b1dad6) Importer(815301076,1909f56bfc062723c751e8b465ee728b)
Start importing Assets/Oculus/VR using Guid(722b5ce8d4de36342bdfa14076b1dad6) Importer(815301076,1909f56bfc062723c751e8b465ee728b)  -> (artifact id: '02a46f4a48b3decf410e0076f78bde5a') in 0.004136 seconds
  Import took 0.006999 seconds .

========================================================================
Received Import Request.
  Time since last request: 0.000183 seconds.
  path: Assets/Oculus/VR/Prefabs/OVRCameraRig.prefab
  artifactKey: Guid(126d619cf4daa52469682f85c1378b4a) Importer(815301076,1909f56bfc062723c751e8b465ee728b)
Start importing Assets/Oculus/VR/Prefabs/OVRCameraRig.prefab using Guid(126d619cf4daa52469682f85c1378b4a) Importer(815301076,1909f56bfc062723c751e8b465ee728b)  -> (artifact id: 'cf5c89d4cbfc5759610ea87311b566a1') in 0.280416 seconds
  Import took 0.283328 seconds .

========================================================================
Received Import Request.
  Time since last request: 0.000239 seconds.
  path: Assets/Oculus/VR/Prefabs
  artifactKey: Guid(bfe39332fdb4cb044b619b3e4b890396) Importer(815301076,1909f56bfc062723c751e8b465ee728b)
Start importing Assets/Oculus/VR/Prefabs using Guid(bfe39332fdb4cb044b619b3e4b890396) Importer(815301076,1909f56bfc062723c751e8b465ee728b)  -> (artifact id: '45899a1f79eca0ffa2dea7930344f1b5') in 0.001054 seconds
  Import took 0.003824 seconds .

========================================================================
Received Prepare
Shader 'Oculus/OVRMRCameraFrameLit': fallback shader 'Alpha-Diffuse' not found
Refreshing native plugins compatible for Editor in 14.45 ms, found 5 plugins.
Preloading 1 native plugins for Editor in 0.83 ms.
Unloading 28 Unused Serialized files (Serialized files now loaded: 0)
System memory in use before: 116.9 MB.
System memory in use after: 116.7 MB.

Unloading 28 unused Assets to reduce memory usage. Loaded Objects now: 2145.
Total: 4.707192 ms (FindLiveObjects: 0.407124 ms CreateObjectMapping: 0.110298 ms MarkObjects: 3.691985 ms  DeleteObjects: 0.495834 ms)

========================================================================
Received Import Request.
  Time since last request: 234.117570 seconds.
  path: Assets/Resources/OVRPlatformToolSettings.asset
  artifactKey: Guid(0d5624a2e0d6e42dc821143794442b8a) Importer(815301076,1909f56bfc062723c751e8b465ee728b)
Start importing Assets/Resources/OVRPlatformToolSettings.asset using Guid(0d5624a2e0d6e42dc821143794442b8a) Importer(815301076,1909f56bfc062723c751e8b465ee728b)  -> (artifact id: '7fcc0b115dd4b43fcc68e52db03e54bc') in 0.155664 seconds
  Import took 0.159972 seconds .

========================================================================
Received Import Request.
  Time since last request: 41.772110 seconds.
  path: Assets/Oculus/Spatializer/Plugins/AudioPluginOculusSpatializer.bundle
  artifactKey: Guid(7ad262c96ee2b804d8075c3d99b8fba8) Importer(815301076,1909f56bfc062723c751e8b465ee728b)
Start importing Assets/Oculus/Spatializer/Plugins/AudioPluginOculusSpatializer.bundle using Guid(7ad262c96ee2b804d8075c3d99b8fba8) Importer(815301076,1909f56bfc062723c751e8b465ee728b)  -> (artifact id: '02b0597c5d6fbcd155d84e21cf9ca65a') in 0.365524 seconds
  Import took 0.368785 seconds .

========================================================================
Received Import Request.
  Time since last request: 16.610207 seconds.
  path: Assets/Oculus/Spatializer/Plugins/Android
  artifactKey: Guid(a1ec0b585f1ff1141a7aff27b3051ecd) Importer(815301076,1909f56bfc062723c751e8b465ee728b)
Start importing Assets/Oculus/Spatializer/Plugins/Android using Guid(a1ec0b585f1ff1141a7aff27b3051ecd) Importer(815301076,1909f56bfc062723c751e8b465ee728b)  -> (artifact id: 'd5286c57a908ccf6ed13f48a9f7a7a7a') in 0.001443 seconds
  Import took 0.005349 seconds .

========================================================================
Received Import Request.
  Time since last request: 4.123760 seconds.
  path: Assets/Oculus/Spatializer/Plugins/Android/libs
  artifactKey: Guid(74b7d3fc9204c7e4585f305bdd578ab7) Importer(815301076,1909f56bfc062723c751e8b465ee728b)
Start importing Assets/Oculus/Spatializer/Plugins/Android/libs using Guid(74b7d3fc9204c7e4585f305bdd578ab7) Importer(815301076,1909f56bfc062723c751e8b465ee728b)  -> (artifact id: '52e115a9a511ea6a1b34d215d061eb3b') in 0.001292 seconds
  Import took 0.004577 seconds .

========================================================================
Received Import Request.
  Time since last request: 1.117935 seconds.
  path: Assets/Oculus/Spatializer/Plugins/Android/libs/arm64-v8a
  artifactKey: Guid(af8817e8718ce644494ce28ce74d3c9c) Importer(815301076,1909f56bfc062723c751e8b465ee728b)
Start importing Assets/Oculus/Spatializer/Plugins/Android/libs/arm64-v8a using Guid(af8817e8718ce644494ce28ce74d3c9c) Importer(815301076,1909f56bfc062723c751e8b465ee728b)  -> (artifact id: '8fac36b8fdcea6848af8d5376715b018') in 0.001455 seconds
  Import took 0.004981 seconds .

========================================================================
Received Prepare
Shader 'Oculus/OVRMRCameraFrameLit': fallback shader 'Alpha-Diffuse' not found
Refreshing native plugins compatible for Editor in 6.11 ms, found 5 plugins.
Preloading 1 native plugins for Editor in 0.60 ms.
Unloading 28 Unused Serialized files (Serialized files now loaded: 0)
System memory in use before: 126.4 MB.
System memory in use after: 126.2 MB.

Unloading 28 unused Assets to reduce memory usage. Loaded Objects now: 2145.
Total: 3.452462 ms (FindLiveObjects: 0.311442 ms CreateObjectMapping: 0.138550 ms MarkObjects: 2.520089 ms  DeleteObjects: 0.481316 ms)

========================================================================
Received Prepare
Shader 'Oculus/OVRMRCameraFrameLit': fallback shader 'Alpha-Diffuse' not found
Refreshing native plugins compatible for Editor in 6.67 ms, found 5 plugins.
Preloading 1 native plugins for Editor in 0.56 ms.
Unloading 27 Unused Serialized files (Serialized files now loaded: 0)
System memory in use before: 126.4 MB.
System memory in use after: 126.2 MB.

Unloading 27 unused Assets to reduce memory usage. Loaded Objects now: 2145.
Total: 3.189677 ms (FindLiveObjects: 0.267382 ms CreateObjectMapping: 0.083910 ms MarkObjects: 2.332860 ms  DeleteObjects: 0.504039 ms)

========================================================================
Received Prepare
Shader 'Oculus/OVRMRCameraFrameLit': fallback shader 'Alpha-Diffuse' not found
Refreshing native plugins compatible for Editor in 5.90 ms, found 5 plugins.
Preloading 1 native plugins for Editor in 0.55 ms.
Unloading 28 Unused Serialized files (Serialized files now loaded: 0)
System memory in use before: 126.4 MB.
System memory in use after: 126.2 MB.

Unloading 28 unused Assets to reduce memory usage. Loaded Objects now: 2145.
Total: 3.131929 ms (FindLiveObjects: 0.250652 ms CreateObjectMapping: 0.067081 ms MarkObjects: 2.318676 ms  DeleteObjects: 0.492853 ms)

========================================================================
Received Prepare
Shader 'Oculus/OVRMRCameraFrameLit': fallback shader 'Alpha-Diffuse' not found
Refreshing native plugins compatible for Editor in 6.39 ms, found 5 plugins.
Preloading 1 native plugins for Editor in 0.55 ms.
Unloading 28 Unused Serialized files (Serialized files now loaded: 0)
System memory in use before: 128.4 MB.
System memory in use after: 128.2 MB.

Unloading 28 unused Assets to reduce memory usage. Loaded Objects now: 2145.
Total: 2.556029 ms (FindLiveObjects: 0.281220 ms CreateObjectMapping: 0.064581 ms MarkObjects: 1.856528 ms  DeleteObjects: 0.351082 ms)

